{"artifact":"/home/ferry/dp/chunk-fuzzer-pass/target/rls/debug/build/getrandom-e2133d091a5ef90e/build_script_build-e2133d091a5ef90e.d","emit":"dep-info"}
{"artifact":"/home/ferry/dp/chunk-fuzzer-pass/target/rls/debug/build/proc-macro2-f8e1e1e947bfe2ba/build_script_build-f8e1e1e947bfe2ba.d","emit":"dep-info"}
{"artifact":"/home/ferry/dp/chunk-fuzzer-pass/target/rls/debug/build/serde-3cbfc0e1674ef5a7/build_script_build-3cbfc0e1674ef5a7.d","emit":"dep-info"}
{"artifact":"/home/ferry/dp/chunk-fuzzer-pass/target/rls/debug/deps/cfg_if-88879d2dc0fa106c.d","emit":"dep-info"}
{"artifact":"/home/ferry/dp/chunk-fuzzer-pass/target/rls/debug/deps/save-analysis/libcfg_if-88879d2dc0fa106c.json","emit":"save-analysis"}
{"artifact":"/home/ferry/dp/chunk-fuzzer-pass/target/rls/debug/deps/libcfg_if-88879d2dc0fa106c.rmeta","emit":"metadata"}
{"artifact":"/home/ferry/dp/chunk-fuzzer-pass/target/rls/debug/build/serde_derive-61afa01d47798c09/build_script_build-61afa01d47798c09.d","emit":"dep-info"}
{"artifact":"/home/ferry/dp/chunk-fuzzer-pass/target/rls/debug/build/byteorder-110833c5b69b02e4/build_script_build-110833c5b69b02e4.d","emit":"dep-info"}
{"artifact":"/home/ferry/dp/chunk-fuzzer-pass/target/rls/debug/deps/unicode_xid-ca70f4dd0d5d1ebc.d","emit":"dep-info"}
{"artifact":"/home/ferry/dp/chunk-fuzzer-pass/target/rls/debug/deps/lazy_static-3ab14ef94a1f89cf.d","emit":"dep-info"}
{"artifact":"/home/ferry/dp/chunk-fuzzer-pass/target/rls/debug/build/getrandom-e2133d091a5ef90e/save-analysis/build_script_build-e2133d091a5ef90e.json","emit":"save-analysis"}
{"artifact":"/home/ferry/dp/chunk-fuzzer-pass/target/rls/debug/build/libc-ce4791259d533967/build_script_build-ce4791259d533967.d","emit":"dep-info"}
{"artifact":"/home/ferry/dp/chunk-fuzzer-pass/target/rls/debug/build/syn-1cf969fcc03ff2b7/build_script_build-1cf969fcc03ff2b7.d","emit":"dep-info"}
{"artifact":"/home/ferry/dp/chunk-fuzzer-pass/target/rls/debug/build/serde_derive-61afa01d47798c09/save-analysis/build_script_build-61afa01d47798c09.json","emit":"save-analysis"}
{"artifact":"/home/ferry/dp/chunk-fuzzer-pass/target/rls/debug/build/serde-3cbfc0e1674ef5a7/save-analysis/build_script_build-3cbfc0e1674ef5a7.json","emit":"save-analysis"}
{"artifact":"/home/ferry/dp/chunk-fuzzer-pass/target/rls/debug/deps/save-analysis/liblazy_static-3ab14ef94a1f89cf.json","emit":"save-analysis"}
{"artifact":"/home/ferry/dp/chunk-fuzzer-pass/target/rls/debug/build/proc-macro2-f8e1e1e947bfe2ba/save-analysis/build_script_build-f8e1e1e947bfe2ba.json","emit":"save-analysis"}
{"artifact":"/home/ferry/dp/chunk-fuzzer-pass/target/rls/debug/deps/liblazy_static-3ab14ef94a1f89cf.rmeta","emit":"metadata"}
{"artifact":"/home/ferry/dp/chunk-fuzzer-pass/target/rls/debug/build/syn-1cf969fcc03ff2b7/save-analysis/build_script_build-1cf969fcc03ff2b7.json","emit":"save-analysis"}
{"artifact":"/home/ferry/dp/chunk-fuzzer-pass/target/rls/debug/deps/save-analysis/libunicode_xid-ca70f4dd0d5d1ebc.json","emit":"save-analysis"}
{"artifact":"/home/ferry/dp/chunk-fuzzer-pass/target/rls/debug/build/byteorder-110833c5b69b02e4/save-analysis/build_script_build-110833c5b69b02e4.json","emit":"save-analysis"}
{"artifact":"/home/ferry/dp/chunk-fuzzer-pass/target/rls/debug/deps/ppv_lite86-c90f6bad2dc016b3.d","emit":"dep-info"}
{"artifact":"/home/ferry/dp/chunk-fuzzer-pass/target/rls/debug/build/libc-ce4791259d533967/save-analysis/build_script_build-ce4791259d533967.json","emit":"save-analysis"}
{"artifact":"/home/ferry/dp/chunk-fuzzer-pass/target/rls/debug/deps/libunicode_xid-ca70f4dd0d5d1ebc.rmeta","emit":"metadata"}
{"artifact":"/home/ferry/dp/chunk-fuzzer-pass/target/rls/debug/deps/libunicode_xid-ca70f4dd0d5d1ebc.rlib","emit":"link"}
{"artifact":"/home/ferry/dp/chunk-fuzzer-pass/target/rls/debug/build/getrandom-e2133d091a5ef90e/build_script_build-e2133d091a5ef90e","emit":"link"}
{"artifact":"/home/ferry/dp/chunk-fuzzer-pass/target/rls/debug/build/serde_derive-61afa01d47798c09/build_script_build-61afa01d47798c09","emit":"link"}
{"artifact":"/home/ferry/dp/chunk-fuzzer-pass/target/rls/debug/build/serde-3cbfc0e1674ef5a7/build_script_build-3cbfc0e1674ef5a7","emit":"link"}
{"artifact":"/home/ferry/dp/chunk-fuzzer-pass/target/rls/debug/build/proc-macro2-f8e1e1e947bfe2ba/build_script_build-f8e1e1e947bfe2ba","emit":"link"}
{"artifact":"/home/ferry/dp/chunk-fuzzer-pass/target/rls/debug/build/libc-ce4791259d533967/build_script_build-ce4791259d533967","emit":"link"}
{"artifact":"/home/ferry/dp/chunk-fuzzer-pass/target/rls/debug/build/syn-1cf969fcc03ff2b7/build_script_build-1cf969fcc03ff2b7","emit":"link"}
{"artifact":"/home/ferry/dp/chunk-fuzzer-pass/target/rls/debug/build/byteorder-110833c5b69b02e4/build_script_build-110833c5b69b02e4","emit":"link"}
{"artifact":"/home/ferry/dp/chunk-fuzzer-pass/target/rls/debug/deps/save-analysis/libppv_lite86-c90f6bad2dc016b3.json","emit":"save-analysis"}
{"artifact":"/home/ferry/dp/chunk-fuzzer-pass/target/rls/debug/deps/libppv_lite86-c90f6bad2dc016b3.rmeta","emit":"metadata"}
{"artifact":"/home/ferry/dp/chunk-fuzzer-pass/target/rls/debug/deps/proc_macro2-89254f8a188bc205.d","emit":"dep-info"}
{"artifact":"/home/ferry/dp/chunk-fuzzer-pass/target/rls/debug/deps/byteorder-2791c07d1f3de7a5.d","emit":"dep-info"}
{"artifact":"/home/ferry/dp/chunk-fuzzer-pass/target/rls/debug/deps/libc-5cc7a6f3c09d31fc.d","emit":"dep-info"}
{"artifact":"/home/ferry/dp/chunk-fuzzer-pass/target/rls/debug/deps/save-analysis/libbyteorder-2791c07d1f3de7a5.json","emit":"save-analysis"}
{"artifact":"/home/ferry/dp/chunk-fuzzer-pass/target/rls/debug/deps/libbyteorder-2791c07d1f3de7a5.rmeta","emit":"metadata"}
{"artifact":"/home/ferry/dp/chunk-fuzzer-pass/target/rls/debug/deps/save-analysis/libproc_macro2-89254f8a188bc205.json","emit":"save-analysis"}
{"artifact":"/home/ferry/dp/chunk-fuzzer-pass/target/rls/debug/deps/serde-63afcb7e25891b26.d","emit":"dep-info"}
{"artifact":"/home/ferry/dp/chunk-fuzzer-pass/target/rls/debug/deps/libproc_macro2-89254f8a188bc205.rmeta","emit":"metadata"}
{"artifact":"/home/ferry/dp/chunk-fuzzer-pass/target/rls/debug/deps/liblibc-5cc7a6f3c09d31fc.rmeta","emit":"metadata"}
{"artifact":"/home/ferry/dp/chunk-fuzzer-pass/target/rls/debug/deps/libproc_macro2-89254f8a188bc205.rlib","emit":"link"}
{"artifact":"/home/ferry/dp/chunk-fuzzer-pass/target/rls/debug/deps/getrandom-3e622eac2e79d58b.d","emit":"dep-info"}
{"artifact":"/home/ferry/dp/chunk-fuzzer-pass/target/rls/debug/deps/quote-0bb1ea6a23b530f1.d","emit":"dep-info"}
{"artifact":"/home/ferry/dp/chunk-fuzzer-pass/target/rls/debug/deps/save-analysis/libgetrandom-3e622eac2e79d58b.json","emit":"save-analysis"}
{"artifact":"/home/ferry/dp/chunk-fuzzer-pass/target/rls/debug/deps/libgetrandom-3e622eac2e79d58b.rmeta","emit":"metadata"}
{"artifact":"/home/ferry/dp/chunk-fuzzer-pass/target/rls/debug/deps/rand_core-02e728df39cea100.d","emit":"dep-info"}
{"artifact":"/home/ferry/dp/chunk-fuzzer-pass/target/rls/debug/deps/save-analysis/libquote-0bb1ea6a23b530f1.json","emit":"save-analysis"}
{"artifact":"/home/ferry/dp/chunk-fuzzer-pass/target/rls/debug/deps/libquote-0bb1ea6a23b530f1.rmeta","emit":"metadata"}
{"artifact":"/home/ferry/dp/chunk-fuzzer-pass/target/rls/debug/deps/save-analysis/librand_core-02e728df39cea100.json","emit":"save-analysis"}
{"artifact":"/home/ferry/dp/chunk-fuzzer-pass/target/rls/debug/deps/librand_core-02e728df39cea100.rmeta","emit":"metadata"}
{"artifact":"/home/ferry/dp/chunk-fuzzer-pass/target/rls/debug/deps/libquote-0bb1ea6a23b530f1.rlib","emit":"link"}
{"artifact":"/home/ferry/dp/chunk-fuzzer-pass/target/rls/debug/deps/rand_chacha-e1a0ee6d10964948.d","emit":"dep-info"}
{"artifact":"/home/ferry/dp/chunk-fuzzer-pass/target/rls/debug/deps/save-analysis/librand_chacha-e1a0ee6d10964948.json","emit":"save-analysis"}
{"artifact":"/home/ferry/dp/chunk-fuzzer-pass/target/rls/debug/deps/librand_chacha-e1a0ee6d10964948.rmeta","emit":"metadata"}
{"artifact":"/home/ferry/dp/chunk-fuzzer-pass/target/rls/debug/deps/syn-4a88efa0c4839c82.d","emit":"dep-info"}
{"artifact":"/home/ferry/dp/chunk-fuzzer-pass/target/rls/debug/deps/rand-49d19a326ec36ea9.d","emit":"dep-info"}
{"artifact":"/home/ferry/dp/chunk-fuzzer-pass/target/rls/debug/deps/save-analysis/librand-49d19a326ec36ea9.json","emit":"save-analysis"}
{"artifact":"/home/ferry/dp/chunk-fuzzer-pass/target/rls/debug/deps/librand-49d19a326ec36ea9.rmeta","emit":"metadata"}
{"artifact":"/home/ferry/dp/chunk-fuzzer-pass/target/rls/debug/deps/save-analysis/libsyn-4a88efa0c4839c82.json","emit":"save-analysis"}
{"artifact":"/home/ferry/dp/chunk-fuzzer-pass/target/rls/debug/deps/libserde-63afcb7e25891b26.rmeta","emit":"metadata"}
{"artifact":"/home/ferry/dp/chunk-fuzzer-pass/target/rls/debug/deps/bincode-d5a71f0ba6c7d28e.d","emit":"dep-info"}
{"artifact":"/home/ferry/dp/chunk-fuzzer-pass/target/rls/debug/deps/save-analysis/libbincode-d5a71f0ba6c7d28e.json","emit":"save-analysis"}
{"artifact":"/home/ferry/dp/chunk-fuzzer-pass/target/rls/debug/deps/libbincode-d5a71f0ba6c7d28e.rmeta","emit":"metadata"}
{"artifact":"/home/ferry/dp/chunk-fuzzer-pass/target/rls/debug/deps/libsyn-4a88efa0c4839c82.rmeta","emit":"metadata"}
{"artifact":"/home/ferry/dp/chunk-fuzzer-pass/target/rls/debug/deps/libsyn-4a88efa0c4839c82.rlib","emit":"link"}
{"artifact":"/home/ferry/dp/chunk-fuzzer-pass/target/rls/debug/deps/serde_derive-0668557dbc39506a.d","emit":"dep-info"}
{"artifact":"/home/ferry/dp/chunk-fuzzer-pass/target/rls/debug/deps/save-analysis/libserde_derive-0668557dbc39506a.json","emit":"save-analysis"}
{"artifact":"/home/ferry/dp/chunk-fuzzer-pass/target/rls/debug/deps/libserde_derive-0668557dbc39506a.so","emit":"link"}
Warning: Unknown configuration option `fn_args_density`
Warning: the `merge_imports` option is deprecated. Use `imports_granularity="Crate"` instead
Warning: Unknown configuration option `fn_args_density`
Warning: the `merge_imports` option is deprecated. Use `imports_granularity="Crate"` instead
Warning: Unknown configuration option `fn_args_density`
Warning: the `merge_imports` option is deprecated. Use `imports_granularity="Crate"` instead
Warning: Unknown configuration option `fn_args_density`
Warning: the `merge_imports` option is deprecated. Use `imports_granularity="Crate"` instead
Warning: Unknown configuration option `fn_args_density`
Warning: the `merge_imports` option is deprecated. Use `imports_granularity="Crate"` instead
Warning: Unknown configuration option `fn_args_density`
Warning: the `merge_imports` option is deprecated. Use `imports_granularity="Crate"` instead
Warning: Unknown configuration option `fn_args_density`
Warning: the `merge_imports` option is deprecated. Use `imports_granularity="Crate"` instead
Warning: Unknown configuration option `fn_args_density`
Warning: the `merge_imports` option is deprecated. Use `imports_granularity="Crate"` instead
Warning: Unknown configuration option `fn_args_density`
Warning: the `merge_imports` option is deprecated. Use `imports_granularity="Crate"` instead
Warning: Unknown configuration option `fn_args_density`
Warning: the `merge_imports` option is deprecated. Use `imports_granularity="Crate"` instead
Warning: Unknown configuration option `fn_args_density`
Warning: the `merge_imports` option is deprecated. Use `imports_granularity="Crate"` instead
Warning: Unknown configuration option `fn_args_density`
Warning: the `merge_imports` option is deprecated. Use `imports_granularity="Crate"` instead
Warning: Unknown configuration option `fn_args_density`
Warning: the `merge_imports` option is deprecated. Use `imports_granularity="Crate"` instead
Warning: Unknown configuration option `fn_args_density`
Warning: the `merge_imports` option is deprecated. Use `imports_granularity="Crate"` instead
Warning: Unknown configuration option `fn_args_density`
Warning: the `merge_imports` option is deprecated. Use `imports_granularity="Crate"` instead
Warning: Unknown configuration option `fn_args_density`
Warning: the `merge_imports` option is deprecated. Use `imports_granularity="Crate"` instead
Warning: Unknown configuration option `fn_args_density`
Warning: the `merge_imports` option is deprecated. Use `imports_granularity="Crate"` instead
