Warning: Unknown configuration option `fn_args_density`
Warning: the `merge_imports` option is deprecated. Use `imports_granularity="Crate"` instead
Warning: Unknown configuration option `fn_args_density`
Warning: the `merge_imports` option is deprecated. Use `imports_granularity="Crate"` instead
Warning: Unknown configuration option `fn_args_density`
Warning: the `merge_imports` option is deprecated. Use `imports_granularity="Crate"` instead
Warning: Unknown configuration option `fn_args_density`
Warning: the `merge_imports` option is deprecated. Use `imports_granularity="Crate"` instead
Warning: Unknown configuration option `fn_args_density`
Warning: the `merge_imports` option is deprecated. Use `imports_granularity="Crate"` instead
Warning: Unknown configuration option `fn_args_density`
Warning: the `merge_imports` option is deprecated. Use `imports_granularity="Crate"` instead
Warning: Unknown configuration option `fn_args_density`
Warning: the `merge_imports` option is deprecated. Use `imports_granularity="Crate"` instead
[2022-05-24T06:19:51Z ERROR rls::actions::hover] racer_def: racer panicked
Warning: Unknown configuration option `fn_args_density`
Warning: the `merge_imports` option is deprecated. Use `imports_granularity="Crate"` instead
Warning: Unknown configuration option `fn_args_density`
Warning: the `merge_imports` option is deprecated. Use `imports_granularity="Crate"` instead
Warning: Unknown configuration option `fn_args_density`
Warning: the `merge_imports` option is deprecated. Use `imports_granularity="Crate"` instead
Warning: Unknown configuration option `fn_args_density`
Warning: the `merge_imports` option is deprecated. Use `imports_granularity="Crate"` instead
Warning: Unknown configuration option `fn_args_density`
Warning: the `merge_imports` option is deprecated. Use `imports_granularity="Crate"` instead
Warning: Unknown configuration option `fn_args_density`
Warning: the `merge_imports` option is deprecated. Use `imports_granularity="Crate"` instead
Warning: Unknown configuration option `fn_args_density`
Warning: the `merge_imports` option is deprecated. Use `imports_granularity="Crate"` instead
Warning: Unknown configuration option `fn_args_density`
Warning: the `merge_imports` option is deprecated. Use `imports_granularity="Crate"` instead
Warning: Unknown configuration option `fn_args_density`
Warning: the `merge_imports` option is deprecated. Use `imports_granularity="Crate"` instead
Warning: Unknown configuration option `fn_args_density`
Warning: the `merge_imports` option is deprecated. Use `imports_granularity="Crate"` instead
Warning: Unknown configuration option `fn_args_density`
Warning: the `merge_imports` option is deprecated. Use `imports_granularity="Crate"` instead
Warning: Unknown configuration option `fn_args_density`
Warning: the `merge_imports` option is deprecated. Use `imports_granularity="Crate"` instead
Warning: Unknown configuration option `fn_args_density`
Warning: the `merge_imports` option is deprecated. Use `imports_granularity="Crate"` instead
Warning: Unknown configuration option `fn_args_density`
Warning: the `merge_imports` option is deprecated. Use `imports_granularity="Crate"` instead
Warning: Unknown configuration option `fn_args_density`
Warning: the `merge_imports` option is deprecated. Use `imports_granularity="Crate"` instead
Warning: Unknown configuration option `fn_args_density`
Warning: the `merge_imports` option is deprecated. Use `imports_granularity="Crate"` instead
Warning: Unknown configuration option `fn_args_density`
Warning: the `merge_imports` option is deprecated. Use `imports_granularity="Crate"` instead
Warning: Unknown configuration option `fn_args_density`
Warning: the `merge_imports` option is deprecated. Use `imports_granularity="Crate"` instead
Warning: Unknown configuration option `fn_args_density`
Warning: the `merge_imports` option is deprecated. Use `imports_granularity="Crate"` instead
Warning: Unknown configuration option `fn_args_density`
Warning: the `merge_imports` option is deprecated. Use `imports_granularity="Crate"` instead
Warning: Unknown configuration option `fn_args_density`
Warning: the `merge_imports` option is deprecated. Use `imports_granularity="Crate"` instead
Warning: Unknown configuration option `fn_args_density`
Warning: the `merge_imports` option is deprecated. Use `imports_granularity="Crate"` instead
Warning: Unknown configuration option `fn_args_density`
Warning: the `merge_imports` option is deprecated. Use `imports_granularity="Crate"` instead
Warning: Unknown configuration option `fn_args_density`
Warning: the `merge_imports` option is deprecated. Use `imports_granularity="Crate"` instead
Warning: Unknown configuration option `fn_args_density`
Warning: the `merge_imports` option is deprecated. Use `imports_granularity="Crate"` instead
Warning: Unknown configuration option `fn_args_density`
Warning: the `merge_imports` option is deprecated. Use `imports_granularity="Crate"` instead
[2022-05-24T07:05:21Z ERROR rls::actions::hover] racer_def: racer panicked
[2022-05-24T07:05:35Z ERROR rls::actions::hover] racer_def: racer panicked
[2022-05-24T07:05:39Z ERROR rls::actions::hover] racer_def: racer panicked
Warning: Unknown configuration option `fn_args_density`
Warning: the `merge_imports` option is deprecated. Use `imports_granularity="Crate"` instead
[2022-05-24T07:05:49Z ERROR rls::actions::hover] racer_def: racer panicked
Warning: Unknown configuration option `fn_args_density`
Warning: the `merge_imports` option is deprecated. Use `imports_granularity="Crate"` instead
Warning: Unknown configuration option `fn_args_density`
Warning: the `merge_imports` option is deprecated. Use `imports_granularity="Crate"` instead
Warning: Unknown configuration option `fn_args_density`
Warning: the `merge_imports` option is deprecated. Use `imports_granularity="Crate"` instead
Warning: Unknown configuration option `fn_args_density`
Warning: the `merge_imports` option is deprecated. Use `imports_granularity="Crate"` instead
Warning: Unknown configuration option `fn_args_density`
Warning: the `merge_imports` option is deprecated. Use `imports_granularity="Crate"` instead
Warning: Unknown configuration option `fn_args_density`
Warning: the `merge_imports` option is deprecated. Use `imports_granularity="Crate"` instead
Warning: Unknown configuration option `fn_args_density`
Warning: the `merge_imports` option is deprecated. Use `imports_granularity="Crate"` instead
Warning: Unknown configuration option `fn_args_density`
Warning: the `merge_imports` option is deprecated. Use `imports_granularity="Crate"` instead
Warning: Unknown configuration option `fn_args_density`
Warning: the `merge_imports` option is deprecated. Use `imports_granularity="Crate"` instead
Warning: Unknown configuration option `fn_args_density`
Warning: the `merge_imports` option is deprecated. Use `imports_granularity="Crate"` instead
Warning: Unknown configuration option `fn_args_density`
Warning: the `merge_imports` option is deprecated. Use `imports_granularity="Crate"` instead
Warning: Unknown configuration option `fn_args_density`
Warning: the `merge_imports` option is deprecated. Use `imports_granularity="Crate"` instead
Warning: Unknown configuration option `fn_args_density`
Warning: the `merge_imports` option is deprecated. Use `imports_granularity="Crate"` instead
Warning: Unknown configuration option `fn_args_density`
Warning: the `merge_imports` option is deprecated. Use `imports_granularity="Crate"` instead
Warning: Unknown configuration option `fn_args_density`
Warning: the `merge_imports` option is deprecated. Use `imports_granularity="Crate"` instead
Warning: Unknown configuration option `fn_args_density`
Warning: the `merge_imports` option is deprecated. Use `imports_granularity="Crate"` instead
Warning: Unknown configuration option `fn_args_density`
Warning: the `merge_imports` option is deprecated. Use `imports_granularity="Crate"` instead
Warning: Unknown configuration option `fn_args_density`
Warning: the `merge_imports` option is deprecated. Use `imports_granularity="Crate"` instead
Warning: Unknown configuration option `fn_args_density`
Warning: the `merge_imports` option is deprecated. Use `imports_granularity="Crate"` instead
Warning: Unknown configuration option `fn_args_density`
Warning: the `merge_imports` option is deprecated. Use `imports_granularity="Crate"` instead
Warning: Unknown configuration option `fn_args_density`
Warning: the `merge_imports` option is deprecated. Use `imports_granularity="Crate"` instead
Warning: Unknown configuration option `fn_args_density`
Warning: the `merge_imports` option is deprecated. Use `imports_granularity="Crate"` instead
Warning: Unknown configuration option `fn_args_density`
Warning: the `merge_imports` option is deprecated. Use `imports_granularity="Crate"` instead
Warning: Unknown configuration option `fn_args_density`
Warning: the `merge_imports` option is deprecated. Use `imports_granularity="Crate"` instead
Warning: Unknown configuration option `fn_args_density`
Warning: the `merge_imports` option is deprecated. Use `imports_granularity="Crate"` instead
Warning: Unknown configuration option `fn_args_density`
Warning: the `merge_imports` option is deprecated. Use `imports_granularity="Crate"` instead
[2022-05-24T07:11:17Z ERROR rls::actions::hover] racer_def: racer panicked
Warning: Unknown configuration option `fn_args_density`
Warning: the `merge_imports` option is deprecated. Use `imports_granularity="Crate"` instead
Warning: Unknown configuration option `fn_args_density`
Warning: the `merge_imports` option is deprecated. Use `imports_granularity="Crate"` instead
Warning: Unknown configuration option `fn_args_density`
Warning: the `merge_imports` option is deprecated. Use `imports_granularity="Crate"` instead
Warning: Unknown configuration option `fn_args_density`
Warning: the `merge_imports` option is deprecated. Use `imports_granularity="Crate"` instead
[2022-05-24T07:11:47Z ERROR rls::actions::hover] racer_def: racer panicked
Warning: Unknown configuration option `fn_args_density`
Warning: the `merge_imports` option is deprecated. Use `imports_granularity="Crate"` instead
[2022-05-24T07:11:48Z ERROR rls::actions::hover] racer_def: racer panicked
Warning: Unknown configuration option `fn_args_density`
Warning: the `merge_imports` option is deprecated. Use `imports_granularity="Crate"` instead
Warning: Unknown configuration option `fn_args_density`
Warning: the `merge_imports` option is deprecated. Use `imports_granularity="Crate"` instead
Warning: Unknown configuration option `fn_args_density`
Warning: the `merge_imports` option is deprecated. Use `imports_granularity="Crate"` instead
Warning: Unknown configuration option `fn_args_density`
Warning: the `merge_imports` option is deprecated. Use `imports_granularity="Crate"` instead
Warning: Unknown configuration option `fn_args_density`
Warning: the `merge_imports` option is deprecated. Use `imports_granularity="Crate"` instead
Warning: Unknown configuration option `fn_args_density`
Warning: the `merge_imports` option is deprecated. Use `imports_granularity="Crate"` instead
Warning: Unknown configuration option `fn_args_density`
Warning: the `merge_imports` option is deprecated. Use `imports_granularity="Crate"` instead
Warning: Unknown configuration option `fn_args_density`
Warning: the `merge_imports` option is deprecated. Use `imports_granularity="Crate"` instead
Warning: Unknown configuration option `fn_args_density`
Warning: the `merge_imports` option is deprecated. Use `imports_granularity="Crate"` instead
Warning: Unknown configuration option `fn_args_density`
Warning: the `merge_imports` option is deprecated. Use `imports_granularity="Crate"` instead
Warning: Unknown configuration option `fn_args_density`
Warning: the `merge_imports` option is deprecated. Use `imports_granularity="Crate"` instead
Warning: Unknown configuration option `fn_args_density`
Warning: the `merge_imports` option is deprecated. Use `imports_granularity="Crate"` instead
Warning: Unknown configuration option `fn_args_density`
Warning: the `merge_imports` option is deprecated. Use `imports_granularity="Crate"` instead
Warning: Unknown configuration option `fn_args_density`
Warning: the `merge_imports` option is deprecated. Use `imports_granularity="Crate"` instead
Warning: Unknown configuration option `fn_args_density`
Warning: the `merge_imports` option is deprecated. Use `imports_granularity="Crate"` instead
Warning: Unknown configuration option `fn_args_density`
Warning: the `merge_imports` option is deprecated. Use `imports_granularity="Crate"` instead
Warning: Unknown configuration option `fn_args_density`
Warning: the `merge_imports` option is deprecated. Use `imports_granularity="Crate"` instead
Warning: Unknown configuration option `fn_args_density`
Warning: the `merge_imports` option is deprecated. Use `imports_granularity="Crate"` instead
Warning: Unknown configuration option `fn_args_density`
Warning: the `merge_imports` option is deprecated. Use `imports_granularity="Crate"` instead
Warning: Unknown configuration option `fn_args_density`
Warning: the `merge_imports` option is deprecated. Use `imports_granularity="Crate"` instead
Warning: Unknown configuration option `fn_args_density`
Warning: the `merge_imports` option is deprecated. Use `imports_granularity="Crate"` instead
Warning: Unknown configuration option `fn_args_density`
Warning: the `merge_imports` option is deprecated. Use `imports_granularity="Crate"` instead
Warning: Unknown configuration option `fn_args_density`
Warning: the `merge_imports` option is deprecated. Use `imports_granularity="Crate"` instead
Warning: Unknown configuration option `fn_args_density`
Warning: the `merge_imports` option is deprecated. Use `imports_granularity="Crate"` instead
Warning: Unknown configuration option `fn_args_density`
Warning: the `merge_imports` option is deprecated. Use `imports_granularity="Crate"` instead
Warning: Unknown configuration option `fn_args_density`
Warning: the `merge_imports` option is deprecated. Use `imports_granularity="Crate"` instead
Warning: Unknown configuration option `fn_args_density`
Warning: the `merge_imports` option is deprecated. Use `imports_granularity="Crate"` instead
Warning: Unknown configuration option `fn_args_density`
Warning: the `merge_imports` option is deprecated. Use `imports_granularity="Crate"` instead
Warning: Unknown configuration option `fn_args_density`
Warning: the `merge_imports` option is deprecated. Use `imports_granularity="Crate"` instead
Warning: Unknown configuration option `fn_args_density`
Warning: the `merge_imports` option is deprecated. Use `imports_granularity="Crate"` instead
Warning: Unknown configuration option `fn_args_density`
Warning: the `merge_imports` option is deprecated. Use `imports_granularity="Crate"` instead
Warning: Unknown configuration option `fn_args_density`
Warning: the `merge_imports` option is deprecated. Use `imports_granularity="Crate"` instead
Warning: Unknown configuration option `fn_args_density`
Warning: the `merge_imports` option is deprecated. Use `imports_granularity="Crate"` instead
Warning: Unknown configuration option `fn_args_density`
Warning: the `merge_imports` option is deprecated. Use `imports_granularity="Crate"` instead
Warning: Unknown configuration option `fn_args_density`
Warning: the `merge_imports` option is deprecated. Use `imports_granularity="Crate"` instead
Warning: Unknown configuration option `fn_args_density`
Warning: the `merge_imports` option is deprecated. Use `imports_granularity="Crate"` instead
Warning: Unknown configuration option `fn_args_density`
Warning: the `merge_imports` option is deprecated. Use `imports_granularity="Crate"` instead
Warning: Unknown configuration option `fn_args_density`
Warning: the `merge_imports` option is deprecated. Use `imports_granularity="Crate"` instead
Warning: Unknown configuration option `fn_args_density`
Warning: the `merge_imports` option is deprecated. Use `imports_granularity="Crate"` instead
Warning: Unknown configuration option `fn_args_density`
Warning: the `merge_imports` option is deprecated. Use `imports_granularity="Crate"` instead
Warning: Unknown configuration option `fn_args_density`
Warning: the `merge_imports` option is deprecated. Use `imports_granularity="Crate"` instead
Warning: Unknown configuration option `fn_args_density`
Warning: the `merge_imports` option is deprecated. Use `imports_granularity="Crate"` instead
Warning: Unknown configuration option `fn_args_density`
Warning: the `merge_imports` option is deprecated. Use `imports_granularity="Crate"` instead
Warning: Unknown configuration option `fn_args_density`
Warning: the `merge_imports` option is deprecated. Use `imports_granularity="Crate"` instead
Warning: Unknown configuration option `fn_args_density`
Warning: the `merge_imports` option is deprecated. Use `imports_granularity="Crate"` instead
Warning: Unknown configuration option `fn_args_density`
Warning: the `merge_imports` option is deprecated. Use `imports_granularity="Crate"` instead
Warning: Unknown configuration option `fn_args_density`
Warning: the `merge_imports` option is deprecated. Use `imports_granularity="Crate"` instead
Warning: Unknown configuration option `fn_args_density`
Warning: the `merge_imports` option is deprecated. Use `imports_granularity="Crate"` instead
Warning: Unknown configuration option `fn_args_density`
Warning: the `merge_imports` option is deprecated. Use `imports_granularity="Crate"` instead
Warning: Unknown configuration option `fn_args_density`
Warning: the `merge_imports` option is deprecated. Use `imports_granularity="Crate"` instead
Warning: Unknown configuration option `fn_args_density`
Warning: the `merge_imports` option is deprecated. Use `imports_granularity="Crate"` instead
Warning: Unknown configuration option `fn_args_density`
Warning: the `merge_imports` option is deprecated. Use `imports_granularity="Crate"` instead
Warning: Unknown configuration option `fn_args_density`
Warning: the `merge_imports` option is deprecated. Use `imports_granularity="Crate"` instead
Warning: Unknown configuration option `fn_args_density`
Warning: the `merge_imports` option is deprecated. Use `imports_granularity="Crate"` instead
Warning: Unknown configuration option `fn_args_density`
Warning: the `merge_imports` option is deprecated. Use `imports_granularity="Crate"` instead
Warning: Unknown configuration option `fn_args_density`
Warning: the `merge_imports` option is deprecated. Use `imports_granularity="Crate"` instead
Warning: Unknown configuration option `fn_args_density`
Warning: the `merge_imports` option is deprecated. Use `imports_granularity="Crate"` instead
Warning: Unknown configuration option `fn_args_density`
Warning: the `merge_imports` option is deprecated. Use `imports_granularity="Crate"` instead
Warning: Unknown configuration option `fn_args_density`
Warning: the `merge_imports` option is deprecated. Use `imports_granularity="Crate"` instead
Warning: Unknown configuration option `fn_args_density`
Warning: the `merge_imports` option is deprecated. Use `imports_granularity="Crate"` instead
Warning: Unknown configuration option `fn_args_density`
Warning: the `merge_imports` option is deprecated. Use `imports_granularity="Crate"` instead
Warning: Unknown configuration option `fn_args_density`
Warning: the `merge_imports` option is deprecated. Use `imports_granularity="Crate"` instead
Warning: Unknown configuration option `fn_args_density`
Warning: the `merge_imports` option is deprecated. Use `imports_granularity="Crate"` instead
Warning: Unknown configuration option `fn_args_density`
Warning: the `merge_imports` option is deprecated. Use `imports_granularity="Crate"` instead
Warning: Unknown configuration option `fn_args_density`
Warning: the `merge_imports` option is deprecated. Use `imports_granularity="Crate"` instead
Warning: Unknown configuration option `fn_args_density`
Warning: the `merge_imports` option is deprecated. Use `imports_granularity="Crate"` instead
Warning: Unknown configuration option `fn_args_density`
Warning: the `merge_imports` option is deprecated. Use `imports_granularity="Crate"` instead
Warning: Unknown configuration option `fn_args_density`
Warning: the `merge_imports` option is deprecated. Use `imports_granularity="Crate"` instead
Warning: Unknown configuration option `fn_args_density`
Warning: the `merge_imports` option is deprecated. Use `imports_granularity="Crate"` instead
Warning: Unknown configuration option `fn_args_density`
Warning: the `merge_imports` option is deprecated. Use `imports_granularity="Crate"` instead
Warning: Unknown configuration option `fn_args_density`
Warning: the `merge_imports` option is deprecated. Use `imports_granularity="Crate"` instead
Warning: Unknown configuration option `fn_args_density`
Warning: the `merge_imports` option is deprecated. Use `imports_granularity="Crate"` instead
[2022-05-24T08:00:29Z ERROR rls::actions::hover] racer_def: racer panicked
Warning: Unknown configuration option `fn_args_density`
Warning: the `merge_imports` option is deprecated. Use `imports_granularity="Crate"` instead
error: expected one of `->`, `where`, or `{`, found keyword `pub`
 --> <stdin>:3:1
  |
1 | impl Dummy { pub fn current_tree_contain_label()
  |            -                                    - expected one of `->`, `where`, or `{`
  |            |
  |            while parsing this item list starting here
2 | 
3 | pub fn insert_iter_into_sum(
  | ^^^ unexpected token
4 | &mut self,
5 | ) { unimplemented!() } }
  |                        - the item list ends here

[2022-05-24T08:01:20Z ERROR rls::actions::hover] format_method: error: Failed, input: "impl Dummy { pub fn current_tree_contain_label()\n\npub fn insert_iter_into_sum(\n&mut self,\n) { unimplemented!() } }"
[2022-05-24T08:01:27Z ERROR rls::actions::hover] racer_def: racer panicked
Warning: Unknown configuration option `fn_args_density`
Warning: the `merge_imports` option is deprecated. Use `imports_granularity="Crate"` instead
Warning: Unknown configuration option `fn_args_density`
Warning: the `merge_imports` option is deprecated. Use `imports_granularity="Crate"` instead
Warning: Unknown configuration option `fn_args_density`
Warning: the `merge_imports` option is deprecated. Use `imports_granularity="Crate"` instead
[2022-05-24T08:02:22Z ERROR rls::actions::hover] racer_def: racer panicked
[2022-05-24T08:02:22Z ERROR rls::actions::hover] racer_def: racer panicked
[2022-05-24T08:02:23Z ERROR rls::actions::hover] racer_def: racer panicked
Warning: Unknown configuration option `fn_args_density`
Warning: the `merge_imports` option is deprecated. Use `imports_granularity="Crate"` instead
Warning: Unknown configuration option `fn_args_density`
Warning: the `merge_imports` option is deprecated. Use `imports_granularity="Crate"` instead
[2022-05-24T08:05:03Z ERROR rls::actions::hover] racer_def: racer panicked
Warning: Unknown configuration option `fn_args_density`
Warning: the `merge_imports` option is deprecated. Use `imports_granularity="Crate"` instead
Warning: Unknown configuration option `fn_args_density`
Warning: the `merge_imports` option is deprecated. Use `imports_granularity="Crate"` instead
Warning: Unknown configuration option `fn_args_density`
Warning: the `merge_imports` option is deprecated. Use `imports_granularity="Crate"` instead
Warning: Unknown configuration option `fn_args_density`
Warning: the `merge_imports` option is deprecated. Use `imports_granularity="Crate"` instead
Warning: Unknown configuration option `fn_args_density`
Warning: the `merge_imports` option is deprecated. Use `imports_granularity="Crate"` instead
Warning: Unknown configuration option `fn_args_density`
Warning: the `merge_imports` option is deprecated. Use `imports_granularity="Crate"` instead
Warning: Unknown configuration option `fn_args_density`
Warning: the `merge_imports` option is deprecated. Use `imports_granularity="Crate"` instead
Warning: Unknown configuration option `fn_args_density`
Warning: the `merge_imports` option is deprecated. Use `imports_granularity="Crate"` instead
Warning: Unknown configuration option `fn_args_density`
Warning: the `merge_imports` option is deprecated. Use `imports_granularity="Crate"` instead
Warning: Unknown configuration option `fn_args_density`
Warning: the `merge_imports` option is deprecated. Use `imports_granularity="Crate"` instead
Warning: Unknown configuration option `fn_args_density`
Warning: the `merge_imports` option is deprecated. Use `imports_granularity="Crate"` instead
Warning: Unknown configuration option `fn_args_density`
Warning: the `merge_imports` option is deprecated. Use `imports_granularity="Crate"` instead
Warning: Unknown configuration option `fn_args_density`
Warning: the `merge_imports` option is deprecated. Use `imports_granularity="Crate"` instead
Warning: Unknown configuration option `fn_args_density`
Warning: the `merge_imports` option is deprecated. Use `imports_granularity="Crate"` instead
Warning: Unknown configuration option `fn_args_density`
Warning: the `merge_imports` option is deprecated. Use `imports_granularity="Crate"` instead
Warning: Unknown configuration option `fn_args_density`
Warning: the `merge_imports` option is deprecated. Use `imports_granularity="Crate"` instead
Warning: Unknown configuration option `fn_args_density`
Warning: the `merge_imports` option is deprecated. Use `imports_granularity="Crate"` instead
Warning: Unknown configuration option `fn_args_density`
Warning: the `merge_imports` option is deprecated. Use `imports_granularity="Crate"` instead
Warning: Unknown configuration option `fn_args_density`
Warning: the `merge_imports` option is deprecated. Use `imports_granularity="Crate"` instead
Warning: Unknown configuration option `fn_args_density`
Warning: the `merge_imports` option is deprecated. Use `imports_granularity="Crate"` instead
Warning: Unknown configuration option `fn_args_density`
Warning: the `merge_imports` option is deprecated. Use `imports_granularity="Crate"` instead
Warning: Unknown configuration option `fn_args_density`
Warning: the `merge_imports` option is deprecated. Use `imports_granularity="Crate"` instead
Warning: Unknown configuration option `fn_args_density`
Warning: the `merge_imports` option is deprecated. Use `imports_granularity="Crate"` instead
Warning: Unknown configuration option `fn_args_density`
Warning: the `merge_imports` option is deprecated. Use `imports_granularity="Crate"` instead
Warning: Unknown configuration option `fn_args_density`
Warning: the `merge_imports` option is deprecated. Use `imports_granularity="Crate"` instead
Warning: Unknown configuration option `fn_args_density`
Warning: the `merge_imports` option is deprecated. Use `imports_granularity="Crate"` instead
Warning: Unknown configuration option `fn_args_density`
Warning: the `merge_imports` option is deprecated. Use `imports_granularity="Crate"` instead
Warning: Unknown configuration option `fn_args_density`
Warning: the `merge_imports` option is deprecated. Use `imports_granularity="Crate"` instead
Warning: Unknown configuration option `fn_args_density`
Warning: the `merge_imports` option is deprecated. Use `imports_granularity="Crate"` instead
Warning: Unknown configuration option `fn_args_density`
Warning: the `merge_imports` option is deprecated. Use `imports_granularity="Crate"` instead
thread 'request-worker-0' panicked at 'explicit panic', compiler/rustc_errors/src/diagnostic_builder.rs:561:21
note: run with `RUST_BACKTRACE=1` environment variable to display a backtrace
Warning: Unknown configuration option `fn_args_density`
Warning: the `merge_imports` option is deprecated. Use `imports_granularity="Crate"` instead
Warning: Unknown configuration option `fn_args_density`
Warning: the `merge_imports` option is deprecated. Use `imports_granularity="Crate"` instead
Warning: Unknown configuration option `fn_args_density`
Warning: the `merge_imports` option is deprecated. Use `imports_granularity="Crate"` instead
Warning: Unknown configuration option `fn_args_density`
Warning: the `merge_imports` option is deprecated. Use `imports_granularity="Crate"` instead
Warning: Unknown configuration option `fn_args_density`
Warning: the `merge_imports` option is deprecated. Use `imports_granularity="Crate"` instead
Warning: Unknown configuration option `fn_args_density`
Warning: the `merge_imports` option is deprecated. Use `imports_granularity="Crate"` instead
Warning: Unknown configuration option `fn_args_density`
Warning: the `merge_imports` option is deprecated. Use `imports_granularity="Crate"` instead
Warning: Unknown configuration option `fn_args_density`
Warning: the `merge_imports` option is deprecated. Use `imports_granularity="Crate"` instead
Warning: Unknown configuration option `fn_args_density`
Warning: the `merge_imports` option is deprecated. Use `imports_granularity="Crate"` instead
[2022-05-24T08:43:12Z ERROR rls::actions::hover] racer_def: racer panicked
Warning: Unknown configuration option `fn_args_density`
Warning: the `merge_imports` option is deprecated. Use `imports_granularity="Crate"` instead
Warning: Unknown configuration option `fn_args_density`
Warning: the `merge_imports` option is deprecated. Use `imports_granularity="Crate"` instead
Warning: Unknown configuration option `fn_args_density`
Warning: the `merge_imports` option is deprecated. Use `imports_granularity="Crate"` instead
Warning: Unknown configuration option `fn_args_density`
Warning: the `merge_imports` option is deprecated. Use `imports_granularity="Crate"` instead
Warning: Unknown configuration option `fn_args_density`
Warning: the `merge_imports` option is deprecated. Use `imports_granularity="Crate"` instead
Warning: Unknown configuration option `fn_args_density`
Warning: the `merge_imports` option is deprecated. Use `imports_granularity="Crate"` instead
Warning: Unknown configuration option `fn_args_density`
Warning: the `merge_imports` option is deprecated. Use `imports_granularity="Crate"` instead
Warning: Unknown configuration option `fn_args_density`
Warning: the `merge_imports` option is deprecated. Use `imports_granularity="Crate"` instead
Warning: Unknown configuration option `fn_args_density`
Warning: the `merge_imports` option is deprecated. Use `imports_granularity="Crate"` instead
Warning: Unknown configuration option `fn_args_density`
Warning: the `merge_imports` option is deprecated. Use `imports_granularity="Crate"` instead
Warning: Unknown configuration option `fn_args_density`
Warning: the `merge_imports` option is deprecated. Use `imports_granularity="Crate"` instead
Warning: Unknown configuration option `fn_args_density`
Warning: the `merge_imports` option is deprecated. Use `imports_granularity="Crate"` instead
Warning: Unknown configuration option `fn_args_density`
Warning: the `merge_imports` option is deprecated. Use `imports_granularity="Crate"` instead
Warning: Unknown configuration option `fn_args_density`
Warning: the `merge_imports` option is deprecated. Use `imports_granularity="Crate"` instead
Warning: Unknown configuration option `fn_args_density`
Warning: the `merge_imports` option is deprecated. Use `imports_granularity="Crate"` instead
